Arguments: 
  /usr/local/bin/node /usr/local/Cellar/yarn/1.22.4/libexec/bin/yarn.js add jspdf

PATH: 
  /usr/local/mysql/bin:/Library/Java/JavaVirtualMachines/jdk-9.0.1.jdk/Contents/Home//bin:/Library/Frameworks/Python.framework/Versions/3.7/bin:/usr/local/bin:/usr/bin:/bin:/usr/sbin:/sbin:/opt/X11/bin:/usr/local/mysql/bin:/Library/Java/JavaVirtualMachines/jdk-9.0.1.jdk/Contents/Home//bin:/Library/Frameworks/Python.framework/Versions/3.7/bin:/opt/X11/bin=:/Users/alexis/Dev-Back/env/maven/apache-maven-3.6.1/bin=:/Library/Java/JavaVirtualMachines/jdk-9.0.1.jdk/Contents/Home//bin:/Users/alexis/Dev-Back/env/maven/apache-maven-3.6.1/bin

Yarn version: 
  1.22.4

Node version: 
  10.15.3

Platform: 
  darwin x64

Trace: 
  Error: EACCES: permission denied, mkdir '/Users/alexis/MinouzeEtiquetteGenerator/node_modules/fontkit/node_modules/escodegen'

npm manifest: 
  {
    "name": "minouze-etiquette-generator",
    "version": "0.0.0",
    "scripts": {
      "ng": "ng",
      "start": "ng serve",
      "build": "ng build",
      "test": "ng test",
      "lint": "ng lint",
      "e2e": "ng e2e"
    },
    "private": true,
    "dependencies": {
      "@angular/animations": "~7.2.0",
      "@angular/common": "~7.2.0",
      "@angular/compiler": "~7.2.0",
      "@angular/core": "~7.2.0",
      "@angular/forms": "~7.2.0",
      "@angular/platform-browser": "~7.2.0",
      "@angular/platform-browser-dynamic": "~7.2.0",
      "@angular/router": "~7.2.0",
      "bootstrap": "^4.4.1",
      "core-js": "^2.5.4",
      "ngx-color-picker": "^9.0.0",
      "pdfmake": "^0.1.65",
      "rxjs": "~6.3.3",
      "tslib": "^1.9.0",
      "zone.js": "~0.8.26"
    },
    "devDependencies": {
      "@angular-devkit/build-angular": "~0.13.0",
      "@angular/cli": "~7.3.9",
      "@angular/compiler-cli": "~7.2.0",
      "@angular/language-service": "~7.2.0",
      "@types/node": "~8.9.4",
      "@types/jasmine": "~2.8.8",
      "@types/jasminewd2": "~2.0.3",
      "codelyzer": "~4.5.0",
      "jasmine-core": "~2.99.1",
      "jasmine-spec-reporter": "~4.2.1",
      "karma": "~4.0.0",
      "karma-chrome-launcher": "~2.2.0",
      "karma-coverage-istanbul-reporter": "~2.0.1",
      "karma-jasmine": "~1.1.2",
      "karma-jasmine-html-reporter": "^0.2.2",
      "protractor": "~5.4.0",
      "ts-node": "~7.0.0",
      "tslint": "~5.11.0",
      "typescript": "~3.2.2"
    }
  }

yarn manifest: 
  No manifest

Lockfile: 
  No lockfile
